<?xml version="1.0" encoding="UTF-8"?>
<!-- Generated by org.testng.reporters.JUnitReportReporter -->
<testsuite hostname="TRI-NB0210" name="bwi.prog1B.WS1617.wi16b076_Karolyi.ExerciseSheet00.tests.HelloWorldTest" tests="1" failures="0" timestamp="30 Sep 2016 13:31:06 GMT" time="0.049" errors="0">
  <testcase name="testMain" time="0.049" classname="bwi.prog1B.WS1617.wi16b076_Karolyi.ExerciseSheet00.tests.HelloWorldTest"/>
</testsuite> <!-- bwi.prog1B.WS1617.wi16b076_Karolyi.ExerciseSheet00.tests.HelloWorldTest -->
